1     	 0000					.public _first_order_IIR
2     							.code_ovly
2      >> start of macro: .code_ovly
1+    									seg_single , "CODE_OVLY", CODE
1+     >> start of macro: seg_single
1+    						  .if ( "" != "" ) & defined( ___SegStart_CODE_ )
2+    						    segment
3+    						  .else
4+    						    segment "CODE_OVLY"
5+    							.if "" != ""
6+    						___SegStart_CODE_
7+    							.endif
8+    						  .endif
9+    							#RememberSegmentType
10+    >> end of macro: seg_single
2+     >> end of macro: .code_ovly
3     						
4     	 0000				_first_order_IIR:
5     							
6     	 0000	 48437FFF		x3=a0; #input
7     						
8     	 0001	 88540001		xmem[i1]=a0; # vrednost z_x =input
9     							
10    						
11    							
12    							
13    	 0002	 81140010		x1=xmem[i0]; i0+=1 #coef u x1 coef++
14    	 0003	 020921A0		a0=x1*x3; i1+=1  #coef*input  x++
15    	 0004	 81140050		x1=xmem[i0]; i0+=2 #coef coef+2
16    	 0005	 80140001		x0=xmem[i1]; #x 
17    	 0006	 020C2028		a0+=x1*x0; i4+=1 #coeff*x  y++
18    	 0007	 84940004		y0=ymem[i4]; #y 
19    	 0008	 81140000		 x1=xmem[i0]; #coeff
20    	 0009	 00002498		 a0-=x1*y0;  #coeff*y y--
21    	 000A	 484E7FFF		 b2=a0;
22    	 000B	 8ED40024		 ymem[i4]=b2;i4-=1  #z_y+1=z_y
23    	 000C	 8ED40004		ymem[i4]=b2; # z_y=output
24    	 000D	 83540001		xmem[i1]=x3; # z_x+1=input
25    							
26    							
27    						
28    	 000E	 81880000		ret
29    							
				 SYMBOL TABLE 

    Name                                                                                    Type                  Value 

_COMMON_INC_PATH_                                                               					 Define                 "C:/CirrusDSP/crystal32/common/inc/"
_DSP_                                                                           					 Define                 "a"
_LOCAL_INC_PATH_                                                                					 Define                 "inc/"
_LOCAL_SRC_PATH_                                                                					 Define                 "src/"
_MUI_VERSION_                                                                   					 Define                 "020000"
_OVLY_                                                                          					 Define                 "standalone"
_OVLY_REVISION_                                                                 					 Define                 "020000"
_ROUTER_INC_PATH_                                                               					 Define                 "rom_inc/"
_SLOT_                                                                          					 Define                 "0"
_TARGET_FAMILY_                                                                 					 Define                 "crystal32"
_TOOLS_VERSION_                                                                 					 Define                 "0x0701"
_VERSION_                                                                       					 Define                 "00"
__CASM_VER__                                                                    			  Unused Variable		        0 (701H)
_first_order_IIR                                                                			  Public Relocatable       clip_GEN_0000:0000H

	       SEGMENTS:

Size			  Name										 Class
0000H	 __INIT                                  			 CODE                                    
000FH	 clip_GEN_0000                           			 CODE_OVLY                               
